app/build/outputs/logs/manifest-merger-debug-report.txt
-- Merging decision tree log ---
manifest
ADDED from src\main\AndroidManifest.xml:2:1-528:12
INJECTED from src\main\AndroidManifest.xml:2:1-528:12
INJECTED from src\main\AndroidManifest.xml:2:1-528:12
INJECTED from src\main\AndroidManifest.xml:2:1-528:12
INJECTED from src\main\AndroidManifest.xml:2:1-528:12
INJECTED from src\main\AndroidManifest.xml:2:1-528:12
INJECTED from src\main\AndroidManifest.xml:2:1-528:12
	package
		ADDED from src\main\AndroidManifest.xml:3:11-31
		INJECTED from src\main\AndroidManifest.xml
		INJECTED from src\main\AndroidManifest.xml
	android:versionName
		ADDED from src\main\AndroidManifest.xml:5:11-55
		INJECTED from src\main\AndroidManifest.xml
		INJECTED from src\main\AndroidManifest.xml
	xmlns:android
		ADDED from src\main\AndroidManifest.xml:2:11-69
	android:versionCode
		ADDED from src\main\AndroidManifest.xml:4:11-35
		INJECTED from src\main\AndroidManifest.xml
		INJECTED from src\main\AndroidManifest.xml
uses-sdk
ADDED from src\main\AndroidManifest.xml:7:5-9:41
INJECTED from src\main\AndroidManifest.xml:7:5-9:41
INJECTED from src\main\AndroidManifest.xml:7:5-9:41
INJECTED from src\main\AndroidManifest.xml:7:5-9:41
INJECTED from src\main\AndroidManifest.xml:7:5-9:41
	android:targetSdkVersion
		ADDED from src\main\AndroidManifest.xml:9:9-38
		INJECTED from src\main\AndroidManifest.xml
		INJECTED from src\main\AndroidManifest.xml
	android:minSdkVersion
		ADDED from src\main\AndroidManifest.xml:8:9-35
		INJECTED from src\main\AndroidManifest.xml
		INJECTED from src\main\AndroidManifest.xml
uses-permission#android.permission.INTERNET
ADDED from src\main\AndroidManifest.xml:11:5-67
	android:name
		ADDED from src\main\AndroidManifest.xml:11:22-64
uses-permission#android.permission.ACCESS_FINE_LOCATION
ADDED from src\main\AndroidManifest.xml:12:5-79
	android:name
		ADDED from src\main\AndroidManifest.xml:12:22-76
uses-permission#android.permission.WRITE_EXTERNAL_STORAGE
ADDED from src\main\AndroidManifest.xml:13:5-81
	android:name
		ADDED from src\main\AndroidManifest.xml:13:22-78
uses-permission#android.permission.READ_EXTERNAL_STORAGE
ADDED from src\main\AndroidManifest.xml:14:5-80
	android:name
		ADDED from src\main\AndroidManifest.xml:14:22-77
uses-permission#android.permission.CAMERA
ADDED from src\main\AndroidManifest.xml:15:5-65
	android:name
		ADDED from src\main\AndroidManifest.xml:15:22-62
uses-permission#android.permission.READ_PHONE_STATE
ADDED from src\main\AndroidManifest.xml:16:5-75
	android:name
		ADDED from src\main\AndroidManifest.xml:16:22-72
uses-feature#android.hardware.camera
ADDED from src\main\AndroidManifest.xml:17:5-60
	android:name
		ADDED from src\main\AndroidManifest.xml:17:19-57
uses-feature#android.hardware.camera.autofocus
ADDED from src\main\AndroidManifest.xml:18:5-70
	android:name
		ADDED from src\main\AndroidManifest.xml:18:19-67
uses-permission#android.permission.VIBRATE
ADDED from src\main\AndroidManifest.xml:19:5-66
	android:name
		ADDED from src\main\AndroidManifest.xml:19:22-63
uses-permission#android.permission.ACCESS_NETWORK_STATE
ADDED from src\main\AndroidManifest.xml:20:5-78
	android:name
		ADDED from src\main\AndroidManifest.xml:20:22-76
uses-permission#android.permission.READ_CONTACTS
ADDED from src\main\AndroidManifest.xml:22:5-72
	android:name
		ADDED from src\main\AndroidManifest.xml:22:22-69
uses-permission#android.permission.READ_PROFILE
ADDED from src\main\AndroidManifest.xml:23:5-71
	android:name
		ADDED from src\main\AndroidManifest.xml:23:22-68
application
ADDED from src\main\AndroidManifest.xml:25:5-526:19
	android:label
		ADDED from src\main\AndroidManifest.xml:29:9-41
	android:icon
		ADDED from src\main\AndroidManifest.xml:28:9-46
	android:allowBackup
		ADDED from src\main\AndroidManifest.xml:27:9-35
	android:name
		ADDED from src\main\AndroidManifest.xml:26:9-49
activity#mx.triplei.Sucursal
ADDED from src\main\AndroidManifest.xml:32:9-44:20
	android:label
		ADDED from src\main\AndroidManifest.xml:34:13-51
	android:configChanges
		ADDED from src\main\AndroidManifest.xml:35:13-74
	android:theme
		ADDED from src\main\AndroidManifest.xml:36:13-54
	android:name
		ADDED from src\main\AndroidManifest.xml:33:13-47
intent-filter#action:name:mx.triplei.sucusales+category:name:android.intent.category.DEFAULT
ADDED from src\main\AndroidManifest.xml:38:13-43:29
action#mx.triplei.sucusales
ADDED from src\main\AndroidManifest.xml:39:17-40:26
	android:name
		ADDED from src\main\AndroidManifest.xml:39:25-60
category#android.intent.category.DEFAULT
ADDED from src\main\AndroidManifest.xml:41:17-42:28
	android:name
		ADDED from src\main\AndroidManifest.xml:41:27-73
activity#mx.triplei.ExhibicionActivity
ADDED from src\main\AndroidManifest.xml:47:9-59:20
	android:label
		ADDED from src\main\AndroidManifest.xml:49:13-51
	android:configChanges
		ADDED from src\main\AndroidManifest.xml:50:13-74
	android:theme
		ADDED from src\main\AndroidManifest.xml:51:13-54
	android:name
		ADDED from src\main\AndroidManifest.xml:48:13-46
intent-filter#action:name:mx.triplei.exhibicionactivity+category:name:android.intent.category.DEFAULT
ADDED from src\main\AndroidManifest.xml:53:13-58:29
action#mx.triplei.exhibicionactivity
ADDED from src\main\AndroidManifest.xml:54:17-55:26
	android:name
		ADDED from src\main\AndroidManifest.xml:54:25-69
activity#mx.triplei.ScoredCard
ADDED from src\main\AndroidManifest.xml:61:9-73:20
	android:label
		ADDED from src\main\AndroidManifest.xml:63:13-29
	android:configChanges
		ADDED from src\main\AndroidManifest.xml:64:13-74
	android:theme
		ADDED from src\main\AndroidManifest.xml:65:13-54
	android:name
		ADDED from src\main\AndroidManifest.xml:62:13-38
intent-filter#action:name:mx.triplei.scoredcard+category:name:android.intent.category.DEFAULT
ADDED from src\main\AndroidManifest.xml:67:13-72:29
action#mx.triplei.scoredcard
ADDED from src\main\AndroidManifest.xml:68:17-69:26
	android:name
		ADDED from src\main\AndroidManifest.xml:68:25-61
activity#mx.triplei.SodActivity
ADDED from src\main\AndroidManifest.xml:76:9-88:20
	android:label
		ADDED from src\main\AndroidManifest.xml:78:14-33
	android:configChanges
		ADDED from src\main\AndroidManifest.xml:79:13-74
	android:theme
		ADDED from src\main\AndroidManifest.xml:80:13-54
	android:name
		ADDED from src\main\AndroidManifest.xml:77:13-50
intent-filter#action:name:mx.triplei.sodactivity+category:name:android.intent.category.DEFAULT
ADDED from src\main\AndroidManifest.xml:82:13-87:29
action#mx.triplei.sodactivity
ADDED from src\main\AndroidManifest.xml:83:17-84:26
	android:name
		ADDED from src\main\AndroidManifest.xml:83:25-62
activity#mx.triplei.newSondeoActivity
ADDED from src\main\AndroidManifest.xml:90:9-102:20
	android:label
		ADDED from src\main\AndroidManifest.xml:92:13-50
	android:configChanges
		ADDED from src\main\AndroidManifest.xml:93:13-74
	android:theme
		ADDED from src\main\AndroidManifest.xml:94:13-54
	android:name
		ADDED from src\main\AndroidManifest.xml:91:13-56
intent-filter#action:name:mx.triplei.newsondeoactivity+category:name:android.intent.category.DEFAULT
ADDED from src\main\AndroidManifest.xml:96:13-101:29
action#mx.triplei.newsondeoactivity
ADDED from src\main\AndroidManifest.xml:97:17-98:26
	android:name
		ADDED from src\main\AndroidManifest.xml:97:25-68
activity#mx.triplei.MarcasCatActivity
ADDED from src\main\AndroidManifest.xml:104:9-116:20
	android:label
		ADDED from src\main\AndroidManifest.xml:106:13-50
	android:configChanges
		ADDED from src\main\AndroidManifest.xml:107:13-74
	android:theme
		ADDED from src\main\AndroidManifest.xml:108:13-54
	android:name
		ADDED from src\main\AndroidManifest.xml:105:13-56
intent-filter#action:name:mx.triplei.marcascatacivity+category:name:android.intent.category.DEFAULT
ADDED from src\main\AndroidManifest.xml:110:13-115:29
action#mx.triplei.marcascatacivity
ADDED from src\main\AndroidManifest.xml:111:17-112:26
	android:name
		ADDED from src\main\AndroidManifest.xml:111:25-67
activity#mx.triplei.MenuPrincipal
ADDED from src\main\AndroidManifest.xml:118:9-128:20
	android:label
		ADDED from src\main\AndroidManifest.xml:120:13-66
	android:configChanges
		ADDED from src\main\AndroidManifest.xml:121:13-74
	android:theme
		ADDED from src\main\AndroidManifest.xml:122:13-54
	android:name
		ADDED from src\main\AndroidManifest.xml:119:13-52
intent-filter#action:name:mx.triplei.menu+category:name:android.intent.category.DEFAULT
ADDED from src\main\AndroidManifest.xml:124:13-127:29
action#mx.triplei.menu
ADDED from src\main\AndroidManifest.xml:125:17-58
	android:name
		ADDED from src\main\AndroidManifest.xml:125:25-55
activity#mx.triplei.Asistencia
ADDED from src\main\AndroidManifest.xml:129:9-139:20
	android:label
		ADDED from src\main\AndroidManifest.xml:132:13-62
	android:configChanges
		ADDED from src\main\AndroidManifest.xml:131:13-63
	android:theme
		ADDED from src\main\AndroidManifest.xml:133:13-54
	android:name
		ADDED from src\main\AndroidManifest.xml:130:13-49
intent-filter#action:name:mx.triplei.asistencia+category:name:android.intent.category.DEFAULT
ADDED from src\main\AndroidManifest.xml:135:13-138:29
action#mx.triplei.asistencia
ADDED from src\main\AndroidManifest.xml:136:17-64
	android:name
		ADDED from src\main\AndroidManifest.xml:136:25-61
activity#mx.triplei.ClasificacionProducto
ADDED from src\main\AndroidManifest.xml:140:9-151:20
	android:label
		ADDED from src\main\AndroidManifest.xml:142:13-69
	android:uiOptions
		ADDED from src\main\AndroidManifest.xml:144:13-57
	android:configChanges
		ADDED from src\main\AndroidManifest.xml:143:13-74
	android:theme
		ADDED from src\main\AndroidManifest.xml:145:13-54
	android:name
		ADDED from src\main\AndroidManifest.xml:141:13-60
intent-filter#action:name:mx.triplei.clasificacionproducto+category:name:android.intent.category.DEFAULT
ADDED from src\main\AndroidManifest.xml:147:13-150:29
action#mx.triplei.clasificacionproducto
ADDED from src\main\AndroidManifest.xml:148:17-75
	android:name
		ADDED from src\main\AndroidManifest.xml:148:25-72
activity#mx.triplei.Anquel
ADDED from src\main\AndroidManifest.xml:152:9-162:20
	android:label
		ADDED from src\main\AndroidManifest.xml:154:13-65
	android:configChanges
		ADDED from src\main\AndroidManifest.xml:155:13-74
	android:theme
		ADDED from src\main\AndroidManifest.xml:156:13-54
	android:name
		ADDED from src\main\AndroidManifest.xml:153:13-45
intent-filter#action:name:mx.triplei.anaquel+category:name:android.intent.category.DEFAULT
ADDED from src\main\AndroidManifest.xml:158:13-161:29
action#mx.triplei.anaquel
ADDED from src\main\AndroidManifest.xml:159:17-61
	android:name
		ADDED from src\main\AndroidManifest.xml:159:25-58
activity#mx.triplei.FichaTecnica
ADDED from src\main\AndroidManifest.xml:164:9-172:20
	android:configChanges
		ADDED from src\main\AndroidManifest.xml:166:13-74
	android:theme
		ADDED from src\main\AndroidManifest.xml:167:13-54
	android:name
		ADDED from src\main\AndroidManifest.xml:165:13-51
intent-filter#action:name:mx.triplei.fichatecnica+category:name:android.intent.category.DEFAULT
ADDED from src\main\AndroidManifest.xml:168:14-171:29
action#mx.triplei.fichatecnica
ADDED from src\main\AndroidManifest.xml:169:17-66
	android:name
		ADDED from src\main\AndroidManifest.xml:169:25-63
activity#mx.triplei.BodegaActivity
ADDED from src\main\AndroidManifest.xml:174:9-184:20
	android:label
		ADDED from src\main\AndroidManifest.xml:176:13-58
	android:configChanges
		ADDED from src\main\AndroidManifest.xml:177:13-74
	android:theme
		ADDED from src\main\AndroidManifest.xml:178:13-54
	android:name
		ADDED from src\main\AndroidManifest.xml:175:13-53
intent-filter#action:name:mx.triplei.bodega+category:name:android.intent.category.DEFAULT
ADDED from src\main\AndroidManifest.xml:180:13-183:29
action#mx.triplei.bodega
ADDED from src\main\AndroidManifest.xml:181:17-60
	android:name
		ADDED from src\main\AndroidManifest.xml:181:25-57
activity#mx.triplei.CapturaFotoActivity
ADDED from src\main\AndroidManifest.xml:185:9-195:20
	android:label
		ADDED from src\main\AndroidManifest.xml:188:13-64
	android:configChanges
		ADDED from src\main\AndroidManifest.xml:187:13-63
	android:theme
		ADDED from src\main\AndroidManifest.xml:189:13-54
	android:name
		ADDED from src\main\AndroidManifest.xml:186:13-58
intent-filter#action:name:mx.triplei.capturafoto+category:name:android.intent.category.DEFAULT
ADDED from src\main\AndroidManifest.xml:191:13-194:29
action#mx.triplei.capturafoto
ADDED from src\main\AndroidManifest.xml:192:17-65
	android:name
		ADDED from src\main\AndroidManifest.xml:192:25-62
activity#mx.triplei.OpcionesFotoActivity
ADDED from src\main\AndroidManifest.xml:196:9-205:20
	android:label
		ADDED from src\main\AndroidManifest.xml:198:13-33
	android:theme
		ADDED from src\main\AndroidManifest.xml:199:13-54
	android:name
		ADDED from src\main\AndroidManifest.xml:197:13-59
intent-filter#action:name:mx.triplei.opcionesfoto+category:name:android.intent.category.DEFAULT
ADDED from src\main\AndroidManifest.xml:201:13-204:29
action#mx.triplei.opcionesfoto
ADDED from src\main\AndroidManifest.xml:202:17-66
	android:name
		ADDED from src\main\AndroidManifest.xml:202:25-63
activity#mx.triplei.MaterialPromocionalActivity
ADDED from src\main\AndroidManifest.xml:206:9-215:20
	android:label
		ADDED from src\main\AndroidManifest.xml:208:13-72
	android:theme
		ADDED from src\main\AndroidManifest.xml:209:13-54
	android:name
		ADDED from src\main\AndroidManifest.xml:207:13-66
intent-filter#action:name:mx.triplei.materialpromocional+category:name:android.intent.category.DEFAULT
ADDED from src\main\AndroidManifest.xml:211:13-214:29
action#mx.triplei.materialpromocional
ADDED from src\main\AndroidManifest.xml:212:17-73
	android:name
		ADDED from src\main\AndroidManifest.xml:212:25-70
activity#mx.triplei.ExhibicionAdicionalActivity
ADDED from src\main\AndroidManifest.xml:216:9-226:20
	android:label
		ADDED from src\main\AndroidManifest.xml:218:13-72
	android:configChanges
		ADDED from src\main\AndroidManifest.xml:219:13-74
	android:theme
		ADDED from src\main\AndroidManifest.xml:220:13-54
	android:name
		ADDED from src\main\AndroidManifest.xml:217:13-66
intent-filter#action:name:mx.triplei.exhibicionadicional+category:name:android.intent.category.DEFAULT
ADDED from src\main\AndroidManifest.xml:222:13-225:29
action#mx.triplei.exhibicionadicional
ADDED from src\main\AndroidManifest.xml:223:17-73
	android:name
		ADDED from src\main\AndroidManifest.xml:223:25-70
activity#mx.triplei.SondeoActivity
ADDED from src\main\AndroidManifest.xml:227:9-237:20
	android:label
		ADDED from src\main\AndroidManifest.xml:229:13-58
	android:configChanges
		ADDED from src\main\AndroidManifest.xml:230:13-74
	android:theme
		ADDED from src\main\AndroidManifest.xml:231:13-54
	android:name
		ADDED from src\main\AndroidManifest.xml:228:13-53
intent-filter#action:name:mx.triplei.sondeo+category:name:android.intent.category.DEFAULT
ADDED from src\main\AndroidManifest.xml:233:13-236:29
action#mx.triplei.sondeo
ADDED from src\main\AndroidManifest.xml:234:17-60
	android:name
		ADDED from src\main\AndroidManifest.xml:234:25-57
activity#mx.triplei.PruebaActivity
ADDED from src\main\AndroidManifest.xml:238:9-243:20
	android:label
		ADDED from src\main\AndroidManifest.xml:240:13-58
	android:theme
		ADDED from src\main\AndroidManifest.xml:241:13-54
	android:name
		ADDED from src\main\AndroidManifest.xml:239:13-53
activity#mx.triplei.FotoActivity
ADDED from src\main\AndroidManifest.xml:244:9-255:20
	android:label
		ADDED from src\main\AndroidManifest.xml:247:13-56
	android:uiOptions
		ADDED from src\main\AndroidManifest.xml:248:13-57
	android:configChanges
		ADDED from src\main\AndroidManifest.xml:246:13-63
	android:theme
		ADDED from src\main\AndroidManifest.xml:249:13-54
	android:name
		ADDED from src\main\AndroidManifest.xml:245:13-51
intent-filter#action:name:mx.triplei.foto+category:name:android.intent.category.DEFAULT
ADDED from src\main\AndroidManifest.xml:251:13-254:29
action#mx.triplei.foto
ADDED from src\main\AndroidManifest.xml:252:17-58
	android:name
		ADDED from src\main\AndroidManifest.xml:252:25-55
activity#mx.triplei.FotoAsistenciaActivity
ADDED from src\main\AndroidManifest.xml:256:9-267:20
	android:label
		ADDED from src\main\AndroidManifest.xml:259:13-56
	android:uiOptions
		ADDED from src\main\AndroidManifest.xml:260:13-57
	android:configChanges
		ADDED from src\main\AndroidManifest.xml:258:13-74
	android:theme
		ADDED from src\main\AndroidManifest.xml:261:13-54
	android:name
		ADDED from src\main\AndroidManifest.xml:257:13-61
intent-filter#action:name:mx.triplei.fotoasistencia+category:name:android.intent.category.DEFAULT
ADDED from src\main\AndroidManifest.xml:263:13-266:29
action#mx.triplei.fotoasistencia
ADDED from src\main\AndroidManifest.xml:264:17-68
	android:name
		ADDED from src\main\AndroidManifest.xml:264:25-65
activity#mx.triplei.FrentesActivity
ADDED from src\main\AndroidManifest.xml:268:9-278:20
	android:label
		ADDED from src\main\AndroidManifest.xml:270:13-56
	android:configChanges
		ADDED from src\main\AndroidManifest.xml:271:13-74
	android:theme
		ADDED from src\main\AndroidManifest.xml:272:13-54
	android:name
		ADDED from src\main\AndroidManifest.xml:269:13-54
intent-filter#action:name:mx.triplei.frentes+category:name:android.intent.category.DEFAULT
ADDED from src\main\AndroidManifest.xml:274:13-277:29
action#mx.triplei.frentes
ADDED from src\main\AndroidManifest.xml:275:17-61
	android:name
		ADDED from src\main\AndroidManifest.xml:275:25-58
activity#mx.triplei.ProductoActivity
ADDED from src\main\AndroidManifest.xml:279:9-289:20
	android:label
		ADDED from src\main\AndroidManifest.xml:282:13-60
	android:configChanges
		ADDED from src\main\AndroidManifest.xml:281:13-74
	android:theme
		ADDED from src\main\AndroidManifest.xml:283:13-54
	android:name
		ADDED from src\main\AndroidManifest.xml:280:13-55
intent-filter#action:name:mx.triplei.producto+category:name:android.intent.category.DEFAULT
ADDED from src\main\AndroidManifest.xml:285:13-288:29
action#mx.triplei.producto
ADDED from src\main\AndroidManifest.xml:286:17-62
	android:name
		ADDED from src\main\AndroidManifest.xml:286:25-59
activity#mx.triplei.FotoAdicional
ADDED from src\main\AndroidManifest.xml:291:10-301:20
	android:label
		ADDED from src\main\AndroidManifest.xml:294:13-65
	android:configChanges
		ADDED from src\main\AndroidManifest.xml:293:13-74
	android:theme
		ADDED from src\main\AndroidManifest.xml:295:13-54
	android:name
		ADDED from src\main\AndroidManifest.xml:292:13-52
intent-filter#action:name:mx.triplei.FotoAdicional+category:name:android.intent.category.DEFAULT
ADDED from src\main\AndroidManifest.xml:297:13-300:29
action#mx.triplei.FotoAdicional
ADDED from src\main\AndroidManifest.xml:298:17-67
	android:name
		ADDED from src\main\AndroidManifest.xml:298:25-64
activity#mx.triplei.FotoProducto
ADDED from src\main\AndroidManifest.xml:302:12-312:20
	android:label
		ADDED from src\main\AndroidManifest.xml:305:13-50
	android:configChanges
		ADDED from src\main\AndroidManifest.xml:304:13-74
	android:theme
		ADDED from src\main\AndroidManifest.xml:306:13-54
	android:name
		ADDED from src\main\AndroidManifest.xml:303:13-51
intent-filter#action:name:mx.triplei.FotoProducto+category:name:android.intent.category.DEFAULT
ADDED from src\main\AndroidManifest.xml:308:13-311:29
action#mx.triplei.FotoProducto
ADDED from src\main\AndroidManifest.xml:309:17-66
	android:name
		ADDED from src\main\AndroidManifest.xml:309:25-63
activity#mx.triplei.PreciosActivity
ADDED from src\main\AndroidManifest.xml:313:10-323:20
	android:label
		ADDED from src\main\AndroidManifest.xml:316:13-65
	android:configChanges
		ADDED from src\main\AndroidManifest.xml:315:13-74
	android:theme
		ADDED from src\main\AndroidManifest.xml:317:13-54
	android:name
		ADDED from src\main\AndroidManifest.xml:314:13-54
intent-filter#action:name:mx.triplei.precios+category:name:android.intent.category.DEFAULT
ADDED from src\main\AndroidManifest.xml:319:13-322:29
action#mx.triplei.precios
ADDED from src\main\AndroidManifest.xml:320:17-61
	android:name
		ADDED from src\main\AndroidManifest.xml:320:25-58
activity#mx.triplei.ByMarca
ADDED from src\main\AndroidManifest.xml:326:9-336:20
	android:label
		ADDED from src\main\AndroidManifest.xml:329:13-50
	android:configChanges
		ADDED from src\main\AndroidManifest.xml:328:13-74
	android:theme
		ADDED from src\main\AndroidManifest.xml:330:13-54
	android:name
		ADDED from src\main\AndroidManifest.xml:327:13-46
intent-filter#action:name:mx.triplei.bymarca+category:name:android.intent.category.DEFAULT
ADDED from src\main\AndroidManifest.xml:332:13-335:29
action#mx.triplei.bymarca
ADDED from src\main\AndroidManifest.xml:333:17-61
	android:name
		ADDED from src\main\AndroidManifest.xml:333:25-58
activity#mx.triplei.Sos
ADDED from src\main\AndroidManifest.xml:338:10-348:20
	android:configChanges
		ADDED from src\main\AndroidManifest.xml:340:13-74
	android:theme
		ADDED from src\main\AndroidManifest.xml:341:13-54
	android:name
		ADDED from src\main\AndroidManifest.xml:339:13-42
intent-filter#action:name:mx.triplei.sos+category:name:android.intent.category.DEFAULT
ADDED from src\main\AndroidManifest.xml:344:13-347:29
action#mx.triplei.sos
ADDED from src\main\AndroidManifest.xml:345:17-57
	android:name
		ADDED from src\main\AndroidManifest.xml:345:25-54
activity#mx.triplei.ByCategorias
ADDED from src\main\AndroidManifest.xml:350:9-360:20
	android:configChanges
		ADDED from src\main\AndroidManifest.xml:352:13-74
	android:theme
		ADDED from src\main\AndroidManifest.xml:353:13-54
	android:name
		ADDED from src\main\AndroidManifest.xml:351:13-51
intent-filter#action:name:mx.triplei.bycategorias+category:name:android.intent.category.DEFAULT
ADDED from src\main\AndroidManifest.xml:356:13-359:29
action#mx.triplei.bycategorias
ADDED from src\main\AndroidManifest.xml:357:17-66
	android:name
		ADDED from src\main\AndroidManifest.xml:357:25-63
activity#mx.triplei.PickAsisActivity
ADDED from src\main\AndroidManifest.xml:363:9-369:11
	android:label
		ADDED from src\main\AndroidManifest.xml:365:13-45
	android:uiOptions
		ADDED from src\main\AndroidManifest.xml:366:13-57
	android:configChanges
		ADDED from src\main\AndroidManifest.xml:367:13-74
	android:theme
		ADDED from src\main\AndroidManifest.xml:368:13-54
	android:name
		ADDED from src\main\AndroidManifest.xml:364:13-44
activity#mx.triplei.CameraActivity
ADDED from src\main\AndroidManifest.xml:372:9-379:20
	android:screenOrientation
		ADDED from src\main\AndroidManifest.xml:375:12-48
	android:label
		ADDED from src\main\AndroidManifest.xml:374:12-44
	android:configChanges
		ADDED from src\main\AndroidManifest.xml:376:12-73
	android:theme
		ADDED from src\main\AndroidManifest.xml:377:12-53
	android:name
		ADDED from src\main\AndroidManifest.xml:373:12-41
activity#mx.triplei.AndroidCamera
ADDED from src\main\AndroidManifest.xml:381:9-391:20
	android:label
		ADDED from src\main\AndroidManifest.xml:383:13-45
	android:configChanges
		ADDED from src\main\AndroidManifest.xml:384:13-74
	android:theme
		ADDED from src\main\AndroidManifest.xml:385:13-54
	android:name
		ADDED from src\main\AndroidManifest.xml:382:13-41
intent-filter#action:name:mx.triplei.androidcamera+category:name:android.intent.category.DEFAULT
ADDED from src\main\AndroidManifest.xml:387:17-390:29
action#mx.triplei.androidcamera
ADDED from src\main\AndroidManifest.xml:388:17-67
	android:name
		ADDED from src\main\AndroidManifest.xml:388:25-64
activity#mx.triplei.PhotoActivity
ADDED from src\main\AndroidManifest.xml:393:9-399:11
	android:label
		ADDED from src\main\AndroidManifest.xml:395:13-45
	android:uiOptions
		ADDED from src\main\AndroidManifest.xml:396:13-57
	android:configChanges
		ADDED from src\main\AndroidManifest.xml:397:13-74
	android:theme
		ADDED from src\main\AndroidManifest.xml:398:13-54
	android:name
		ADDED from src\main\AndroidManifest.xml:394:13-41
activity#mx.triplei.PreguntaDinamicaActivity
ADDED from src\main\AndroidManifest.xml:401:9-411:20
	android:label
		ADDED from src\main\AndroidManifest.xml:403:13-45
	android:configChanges
		ADDED from src\main\AndroidManifest.xml:404:13-74
	android:theme
		ADDED from src\main\AndroidManifest.xml:405:13-54
	android:name
		ADDED from src\main\AndroidManifest.xml:402:13-52
intent-filter#action:name:mx.triplei.preguntadinamicaactivity+category:name:android.intent.category.DEFAULT
ADDED from src\main\AndroidManifest.xml:407:13-410:29
action#mx.triplei.preguntadinamicaactivity
ADDED from src\main\AndroidManifest.xml:408:17-78
	android:name
		ADDED from src\main\AndroidManifest.xml:408:25-75
activity#mx.triplei.PDinamicaCategoriaActivity
ADDED from src\main\AndroidManifest.xml:413:9-423:20
	android:label
		ADDED from src\main\AndroidManifest.xml:415:13-45
	android:configChanges
		ADDED from src\main\AndroidManifest.xml:416:13-74
	android:theme
		ADDED from src\main\AndroidManifest.xml:417:13-54
	android:name
		ADDED from src\main\AndroidManifest.xml:414:13-54
intent-filter#action:name:mx.triplei.pdinamicacategoriaactivity+category:name:android.intent.category.DEFAULT
ADDED from src\main\AndroidManifest.xml:419:13-422:29
action#mx.triplei.pdinamicacategoriaactivity
ADDED from src\main\AndroidManifest.xml:420:17-80
	android:name
		ADDED from src\main\AndroidManifest.xml:420:25-77
activity#mx.triplei.SettingActivity
ADDED from src\main\AndroidManifest.xml:426:10-432:11
	android:label
		ADDED from src\main\AndroidManifest.xml:428:13-50
	android:uiOptions
		ADDED from src\main\AndroidManifest.xml:429:13-57
	android:configChanges
		ADDED from src\main\AndroidManifest.xml:430:13-74
	android:theme
		ADDED from src\main\AndroidManifest.xml:431:13-54
	android:name
		ADDED from src\main\AndroidManifest.xml:427:13-43
activity#mx.triplei.LoginActivity
ADDED from src\main\AndroidManifest.xml:435:9-445:20
	android:uiOptions
		ADDED from src\main\AndroidManifest.xml:439:13-57
	android:configChanges
		ADDED from src\main\AndroidManifest.xml:437:13-74
	android:theme
		ADDED from src\main\AndroidManifest.xml:438:13-54
	android:name
		ADDED from src\main\AndroidManifest.xml:436:13-52
activity#mx.triplei.MainActivity
ADDED from src\main\AndroidManifest.xml:448:9-459:20
	android:screenOrientation
		ADDED from src\main\AndroidManifest.xml:453:13-49
	android:uiOptions
		ADDED from src\main\AndroidManifest.xml:452:13-57
	android:configChanges
		ADDED from src\main\AndroidManifest.xml:450:13-74
	android:theme
		ADDED from src\main\AndroidManifest.xml:451:13-71
	android:name
		ADDED from src\main\AndroidManifest.xml:449:13-51
intent-filter#action:name:android.intent.action.MAIN+category:name:android.intent.category.LAUNCHER
ADDED from src\main\AndroidManifest.xml:455:13-458:29
action#android.intent.action.MAIN
ADDED from src\main\AndroidManifest.xml:456:17-69
	android:name
		ADDED from src\main\AndroidManifest.xml:456:25-66
category#android.intent.category.LAUNCHER
ADDED from src\main\AndroidManifest.xml:457:17-77
	android:name
		ADDED from src\main\AndroidManifest.xml:457:27-74
activity#mx.triplei.SubMenu
ADDED from src\main\AndroidManifest.xml:461:10-471:20
	android:uiOptions
		ADDED from src\main\AndroidManifest.xml:465:13-57
	android:configChanges
		ADDED from src\main\AndroidManifest.xml:463:12-73
	android:theme
		ADDED from src\main\AndroidManifest.xml:464:13-54
	android:name
		ADDED from src\main\AndroidManifest.xml:462:13-46
intent-filter#category:name:android.intent.category.DEFAULT
ADDED from src\main\AndroidManifest.xml:467:13-470:29
activity#mx.triplei.Insumos_Activity
ADDED from src\main\AndroidManifest.xml:473:9-482:20
	android:uiOptions
		ADDED from src\main\AndroidManifest.xml:477:13-57
	android:configChanges
		ADDED from src\main\AndroidManifest.xml:475:13-74
	android:theme
		ADDED from src\main\AndroidManifest.xml:476:13-54
	android:name
		ADDED from src\main\AndroidManifest.xml:474:13-55
activity#mx.triplei.Graficas_Activity
ADDED from src\main\AndroidManifest.xml:485:9-493:20
	android:uiOptions
		ADDED from src\main\AndroidManifest.xml:489:13-57
	android:configChanges
		ADDED from src\main\AndroidManifest.xml:487:13-74
	android:theme
		ADDED from src\main\AndroidManifest.xml:488:13-54
	android:name
		ADDED from src\main\AndroidManifest.xml:486:13-56
activity#mx.triplei.Insumos_Answ_Activity
ADDED from src\main\AndroidManifest.xml:495:10-504:20
	android:uiOptions
		ADDED from src\main\AndroidManifest.xml:499:13-57
	android:configChanges
		ADDED from src\main\AndroidManifest.xml:497:13-74
	android:theme
		ADDED from src\main\AndroidManifest.xml:498:13-54
	android:name
		ADDED from src\main\AndroidManifest.xml:496:13-60
activity#mx.triplei.SincronizarActivity
ADDED from src\main\AndroidManifest.xml:506:9-516:20
	android:uiOptions
		ADDED from src\main\AndroidManifest.xml:509:13-57
	android:configChanges
		ADDED from src\main\AndroidManifest.xml:508:13-74
	android:theme
		ADDED from src\main\AndroidManifest.xml:510:13-54
	android:name
		ADDED from src\main\AndroidManifest.xml:507:13-58
intent-filter#action:name:mx.triplei.sincronizar+category:name:android.intent.category.DEFAULT
ADDED from src\main\AndroidManifest.xml:512:13-515:29
action#mx.triplei.sincronizar
ADDED from src\main\AndroidManifest.xml:513:17-65
	android:name
		ADDED from src\main\AndroidManifest.xml:513:25-62
service#mx.triplei.Notificaciones
ADDED from src\main\AndroidManifest.xml:517:9-521:19
	android:name
		ADDED from src\main\AndroidManifest.xml:517:18-58
intent-filter#action:name:mx.triplei.notificaciones
ADDED from src\main\AndroidManifest.xml:518:13-520:29
action#mx.triplei.notificaciones
ADDED from src\main\AndroidManifest.xml:519:17-68
	android:name
		ADDED from src\main\AndroidManifest.xml:519:25-65
service#mx.triplei.ServicioGps
ADDED from src\main\AndroidManifest.xml:523:9-58
	android:name
		ADDED from src\main\AndroidManifest.xml:523:18-55
service#mx.triplei.SincronizarBackGround
ADDED from src\main\AndroidManifest.xml:524:9-68
	android:name
		ADDED from src\main\AndroidManifest.xml:524:18-65